0 info it worked if it ends with ok
1 verbose cli [ '/usr/local/Cellar/node/0.8.12/bin/node',
1 verbose cli   '/usr/local/bin/npm',
1 verbose cli   'start' ]
2 info using npm@1.1.63
3 info using node@v0.8.12
4 verbose read json /Users/zcarter/moz/myfx-server/package.json
5 verbose run-script [ 'prestart', 'start', 'poststart' ]
6 info prestart myfx-server@0.0.0
7 info start myfx-server@0.0.0
8 verbose unsafe-perm in lifecycle true
9 silly exec sh "-c" "node index.js"
10 silly sh,-c,node index.js,/Users/zcarter/moz/myfx-server spawning
11 info myfx-server@0.0.0 Failed to exec start script
12 error myfx-server@0.0.0 start: `node index.js`
12 error `sh "-c" "node index.js"` failed with 1
13 error Failed at the myfx-server@0.0.0 start script.
13 error This is most likely a problem with the myfx-server package,
13 error not with npm itself.
13 error Tell the author that this fails on your system:
13 error     node index.js
13 error You can get their info via:
13 error     npm owner ls myfx-server
13 error There is likely additional logging output above.
14 error System Darwin 12.2.1
15 error command "/usr/local/Cellar/node/0.8.12/bin/node" "/usr/local/bin/npm" "start"
16 error cwd /Users/zcarter/moz/myfx-server
17 error node -v v0.8.12
18 error npm -v 1.1.63
19 error code ELIFECYCLE
20 verbose exit [ 1, true ]
